2025-03-16 18:18:23,040 - INFO - Successfully loaded SKU-MSKU mapping file.
2025-03-16 18:18:23,101 - WARNING - No match found for SKU: CSTE_0546_ST_ANIMAL_LUCIFER_CAT_BLACK
2025-03-16 18:18:23,124 - WARNING - No match found for SKU: MAP_MUSICBOX_BLACK_HBD
2025-03-16 18:18:23,147 - WARNING - No match found for SKU: F_AY HP M BOX BLACK
2025-03-16 18:18:23,171 - WARNING - No match found for SKU: F_AY HP M BOX BLACK
2025-03-16 18:18:23,195 - WARNING - No match found for SKU: MAP_MUSICBOX_BLACK_HBD
2025-03-16 18:18:23,203 - WARNING - No match found for SKU: MUSIC BOX/11
2025-03-16 18:18:23,210 - WARNING - No match found for SKU: MUSIC BOX/11
2025-03-16 18:18:23,240 - WARNING - No match found for SKU: F_AY HP M BOX BLACK
2025-03-16 18:18:23,298 - WARNING - No match found for SKU: CSTE_0470_ST_MINECRAFT_SWORD_SMALL
2025-03-16 18:18:23,371 - WARNING - No match found for SKU: CSTE_0470_ST_MINECRAFT_SWORD_SMALL
2025-03-16 18:18:23,399 - WARNING - No match found for SKU: F_AY HP M BOX BLACK
2025-03-16 18:18:23,421 - WARNING - No match found for SKU: F_AY HP M BOX BLACK
2025-03-16 18:18:23,430 - WARNING - No match found for SKU: MUSIC BOX/11
2025-03-16 18:18:23,471 - WARNING - No match found for SKU: CSTE_0470_ST_MINECRAFT_SWORD_SMALL
2025-03-16 18:18:23,496 - WARNING - No match found for SKU: CJ-THUG LIFE SUNGLASSES PIXEL GANGSTER
2025-03-16 18:18:23,514 - WARNING - No match found for SKU: SABRINA_8NOTE_KALIMBA
2025-03-16 18:18:23,519 - WARNING - No match found for SKU: EITHEO_HBD
2025-03-16 18:18:23,525 - WARNING - No match found for SKU: WING_RED_SG
2025-03-16 18:18:23,532 - WARNING - No match found for SKU: MUSIC BOX/11
2025-03-16 18:18:23,539 - WARNING - No match found for SKU: MUSIC BOX/11
2025-03-16 18:18:23,574 - WARNING - No match found for SKU: CSTE_0491_ST_FRUIT_BLOX_SPIRIT
2025-03-16 18:18:23,631 - WARNING - No match found for SKU: CSTE_0533_ST_ANIMAL_BREATHING_KOALA_GREY
2025-03-16 18:18:23,675 - WARNING - No match found for SKU: CSTE_0489_ST_FRUIT_BLOX_LIGHT
2025-03-16 18:18:23,801 - WARNING - No match found for SKU: CSTE_0491_ST_FRUIT_BLOX_SPIRIT
2025-03-16 18:18:23,832 - WARNING - No match found for SKU: CSTE_0488_ST_ANIM_BREATHING_STITCH_BLUE
2025-03-16 18:18:23,848 - WARNING - No match found for SKU: BREATHING_OTTER_PINK
2025-03-16 18:18:23,877 - WARNING - No match found for SKU: CSTE_0490_ST_FRUIT_BLOX_SHADOW
2025-03-16 18:18:23,914 - WARNING - No match found for SKU: CSTE_0486_ST_ANIM_BREATHING_OTTER_BROWN
2025-03-16 18:18:23,921 - WARNING - No match found for SKU: MUSIC BOX/11
2025-03-16 18:18:23,938 - WARNING - No match found for SKU: MERCURYGREEN_FIRE_SG
2025-03-16 18:18:23,943 - WARNING - No match found for SKU: EITHEO_HBD
2025-03-16 18:18:23,950 - WARNING - No match found for SKU: MUSIC BOX/11
2025-03-16 18:18:23,998 - WARNING - No match found for SKU: F_AY HP M BOX BLACK
2025-03-16 18:18:24,053 - WARNING - No match found for SKU: CSTE_0149_SG_BUTTERFLY_PINK
2025-03-16 18:18:24,062 - WARNING - No match found for SKU: EITHEO_HBD
2025-03-16 18:18:24,073 - WARNING - No match found for SKU: F_SUNGLASS-1
2025-03-16 18:18:24,120 - WARNING - No match found for SKU: MAP_MUSICBOX_BLACK_HBD
2025-03-16 18:18:24,143 - WARNING - No match found for SKU: F_AY HP M BOX BLACK
2025-03-16 18:18:24,166 - WARNING - No match found for SKU: MAP_MUSICBOX_BLACK_HBD
2025-03-16 18:18:24,209 - WARNING - No match found for SKU: CSTE_0470_ST_MINECRAFT_SWORD_SMALL
2025-03-16 18:18:24,225 - WARNING - No match found for SKU: DUMBLEDORE_WAND_MUSICBOX
2025-03-16 18:18:24,253 - WARNING - No match found for SKU: CSTE_0491_ST_FRUIT_BLOX_SPIRIT
2025-03-16 18:18:24,283 - WARNING - No match found for SKU: CSTE_0490_ST_FRUIT_BLOX_SHADOW
2025-03-16 18:18:24,304 - WARNING - No match found for SKU: CSTE_0489_ST_FRUIT_BLOX_LIGHT
2025-03-16 18:18:24,334 - WARNING - No match found for SKU: CSTE_0478_ST_MINECRAFT_COW_BROWN
2025-03-16 18:18:24,355 - WARNING - No match found for SKU: CSTE_0489_ST_FRUIT_BLOX_LIGHT
2025-03-16 18:18:24,374 - WARNING - No match found for SKU: BROWN-LA-VIE-ROSE-BROWN
2025-03-16 18:18:24,391 - WARNING - No match found for SKU: MERCURYGREEN_FIRE_SG
2025-03-16 18:18:24,398 - WARNING - No match found for SKU: MUSIC BOX/11
2025-03-16 18:18:24,416 - WARNING - No match found for SKU: HARRY POTTER_WHITE
2025-03-16 18:18:24,436 - WARNING - No match found for SKU: DUMBLEDORE_SUNGLASS_WAND
2025-03-16 18:18:24,487 - WARNING - No match found for SKU: CSTE_0487_ST_ANIM_BREATHING_OTTER_BLUE
2025-03-16 18:18:24,535 - WARNING - No match found for SKU: CSTE_0486_ST_ANIM_BREATHING_OTTER_BROWN
2025-03-16 18:18:24,572 - WARNING - No match found for SKU: MAP_MUSICBOX_BLACK_HBD
2025-03-16 18:18:24,587 - WARNING - No match found for SKU: MUSIC BOX/26
2025-03-16 18:18:24,623 - WARNING - No match found for SKU: CSTE_0491_ST_FRUIT_BLOX_SPIRIT
2025-03-16 18:18:24,644 - WARNING - No match found for SKU: HARRY POTTER_WHITE
2025-03-16 18:18:24,651 - WARNING - No match found for SKU: HBD_WHITE_MB
2025-03-16 18:18:24,657 - WARNING - No match found for SKU: HBD_BROWN_MAP
2025-03-16 18:18:24,664 - WARNING - No match found for SKU: MUSIC BOX/11
2025-03-16 18:18:24,689 - WARNING - No match found for SKU: MAP_MUSICBOX_BLACK_HBD
2025-03-16 18:18:24,714 - WARNING - No match found for SKU: F_AY HP M BOX BLACK
2025-03-16 18:18:24,754 - WARNING - No match found for SKU: CSTE_0482_ST_ANIMAL_KITTY_KUROMI_BLACK
2025-03-16 18:18:24,763 - WARNING - No match found for SKU: MUSIC BOX/11
2025-03-16 18:18:24,771 - WARNING - No match found for SKU: MUSIC BOX/11
2025-03-16 18:18:24,796 - WARNING - No match found for SKU: CSTE_0489_ST_FRUIT_BLOX_LIGHT
2025-03-16 18:18:24,828 - WARNING - No match found for SKU: CSTE_0490_ST_FRUIT_BLOX_SHADOW
2025-03-16 18:18:24,835 - WARNING - No match found for SKU: HBD_BROWN_MAP
2025-03-16 18:18:24,856 - WARNING - No match found for SKU: HARRY POTTER_WHITE
2025-03-16 18:18:24,862 - WARNING - No match found for SKU: EITHEO_HBD
2025-03-16 18:18:24,887 - WARNING - No match found for SKU: CRYSTLE_17NOTS_KALIMBA
2025-03-16 18:18:24,895 - WARNING - No match found for SKU: MUSIC BOX/11
2025-03-16 18:18:24,902 - WARNING - No match found for SKU: WING_RED_SG
2025-03-16 18:18:24,939 - WARNING - No match found for SKU: CSTE_0486_ST_ANIM_BREATHING_OTTER_BROWN
2025-03-16 18:18:24,975 - WARNING - No match found for SKU: F_AY HP M BOX BLACK
2025-03-16 18:18:25,033 - WARNING - No match found for SKU: F_AY HP M BOX BLACK
2025-03-16 18:18:25,045 - WARNING - No match found for SKU: MUSIC BOX/11
2025-03-16 18:18:25,106 - WARNING - No match found for SKU: CSTE_0532_ST_ANIMAL_BREATHING_RABBIT_GREY
2025-03-16 18:18:25,144 - WARNING - No match found for SKU: CSTE_0487_ST_ANIM_BREATHING_OTTER_BLUE
2025-03-16 18:18:25,164 - WARNING - No match found for SKU: HARRYPOTTER_BROWN_MAP2
2025-03-16 18:18:25,185 - WARNING - No match found for SKU: FUSKED-ELEPHANT-GREY-SOFT TOY
2025-03-16 18:18:25,218 - WARNING - No match found for SKU: CSTE_0419_ST_MINECRAFT_CREEPER
2025-03-16 18:18:25,248 - WARNING - No match found for SKU: CSTE_0355_WANDS_HP_LIGHT_SG
2025-03-16 18:18:25,254 - WARNING - No match found for SKU: HBD_BLCK_MAP
2025-03-16 18:18:25,293 - WARNING - No match found for SKU: CSTE_0487_ST_ANIM_BREATHING_OTTER_BLUE
2025-03-16 18:18:25,314 - WARNING - No match found for SKU: MOENY HEIST MUSICAL TOY
2025-03-16 18:18:25,333 - WARNING - No match found for SKU: HARRYPOTTER_BROWN_MAP2
2025-03-16 18:18:25,374 - WARNING - No match found for SKU: CSTE_0512_ST_ANIMAL_COW_PLUSH
2025-03-16 18:18:25,396 - WARNING - No match found for SKU: LIGHT_WAND_DUMBLEDORE
2025-03-16 18:18:25,404 - WARNING - No match found for SKU: WING_RED_SG
2025-03-16 18:18:25,409 - WARNING - No match found for SKU: EITHEO_HBD
2025-03-16 18:18:25,433 - WARNING - No match found for SKU: FUSKED-ELEPHANT-GREY-SOFT TOY
2025-03-16 18:18:25,456 - WARNING - No match found for SKU: FUSKED-ELEPHANT-GREY-SOFT TOY
2025-03-16 18:18:25,483 - WARNING - No match found for SKU: FUSKED-ELEPHANT-GREY-SOFT TOY
2025-03-16 18:18:25,488 - WARNING - No match found for SKU: EITHEO_HBD
2025-03-16 18:18:25,502 - WARNING - No match found for SKU: DUMBLEDORE_WAND_MUSICBOX
2025-03-16 18:18:25,509 - WARNING - No match found for SKU: MUSIC BOX/11
2025-03-16 18:18:25,517 - WARNING - No match found for SKU: HBD_WHITE_MB
2025-03-16 18:18:25,523 - WARNING - No match found for SKU: MUSIC BOX/11
2025-03-16 18:18:25,537 - WARNING - No match found for SKU: MUSIC BOX/11
2025-03-16 18:18:25,606 - WARNING - No match found for SKU: CJ- BEN 10 GIRLS-BOYS-WATCH-GREEN
2025-03-16 18:18:25,669 - WARNING - No match found for SKU: CSTE_0543_ST_ANIMAL_BREATHING_STRAWBERRY_RABBIT
2025-03-16 18:18:25,715 - WARNING - No match found for SKU: CSTE_0476_ST_MINECRAFT_ZOMBIE_BLACK
2025-03-16 18:18:25,748 - WARNING - No match found for SKU: CSTE_0488_ST_ANIM_BREATHING_STITCH_BLUE
2025-03-16 18:18:25,789 - WARNING - No match found for SKU: CSTE_0502_ST_MINECRAFT_PICKAXE_FOAM
2025-03-16 18:18:25,831 - WARNING - No match found for SKU: CSTE_0489_ST_FRUIT_BLOX_LIGHT
2025-03-16 18:18:25,871 - WARNING - No match found for SKU: CSTE_0491_ST_FRUIT_BLOX_SPIRIT
2025-03-16 18:18:25,981 - WARNING - No match found for SKU: CSTE_0486_ST_ANIM_BREATHING_OTTER_BROWN
2025-03-16 18:18:26,067 - WARNING - No match found for SKU: CSTE_0486_ST_ANIM_BREATHING_OTTER_BROWN
2025-03-16 18:18:26,133 - WARNING - No match found for SKU: DUMBLEDORE_WAND_MUSICBOX
2025-03-16 18:18:26,190 - INFO - Successfully mapped SKUs and saved to cleaned_output.csv
2025-03-16 18:28:46,603 - ERROR - Error loading mapping file: [Errno 2] No such file or directory: '/mnt/data/270142020122.csv'
2025-03-16 18:28:46,603 - ERROR - Error processing SKU file: [Errno 2] No such file or directory: '/mnt/data/Cste FK.csv'
2025-03-16 18:29:38,990 - ERROR - Error loading mapping file: [Errno 2] No such file or directory: '/mnt/data/270142020122.csv'
2025-03-16 18:29:38,990 - ERROR - Error processing SKU file: [Errno 2] No such file or directory: '/mnt/data/Cste FK.csv'
2025-03-16 18:30:21,826 - INFO - Successfully loaded SKU-MSKU mapping file.
2025-03-16 18:30:21,836 - WARNING - No match found for SKU: CSTE_0546_ST_ANIMAL_LUCIFER_CAT_BLACK. Generating new MSKU.
2025-03-16 18:30:21,841 - WARNING - No match found for SKU: MAP_MUSICBOX_BLACK_HBD. Generating new MSKU.
2025-03-16 18:30:21,845 - WARNING - No match found for SKU: F_AY HP M BOX BLACK. Generating new MSKU.
2025-03-16 18:30:21,850 - WARNING - No match found for SKU: F_AY HP M BOX BLACK. Generating new MSKU.
2025-03-16 18:30:21,855 - WARNING - No match found for SKU: MAP_MUSICBOX_BLACK_HBD. Generating new MSKU.
2025-03-16 18:30:21,857 - WARNING - No match found for SKU: MUSIC BOX/11. Generating new MSKU.
2025-03-16 18:30:21,859 - WARNING - No match found for SKU: MUSIC BOX/11. Generating new MSKU.
2025-03-16 18:30:21,864 - WARNING - No match found for SKU: F_AY HP M BOX BLACK. Generating new MSKU.
2025-03-16 18:30:21,869 - WARNING - No match found for SKU: CSTE_0470_ST_MINECRAFT_SWORD_SMALL. Generating new MSKU.
2025-03-16 18:30:21,876 - WARNING - No match found for SKU: CSTE_0470_ST_MINECRAFT_SWORD_SMALL. Generating new MSKU.
2025-03-16 18:30:21,880 - WARNING - No match found for SKU: F_AY HP M BOX BLACK. Generating new MSKU.
2025-03-16 18:30:21,885 - WARNING - No match found for SKU: F_AY HP M BOX BLACK. Generating new MSKU.
2025-03-16 18:30:21,887 - WARNING - No match found for SKU: MUSIC BOX/11. Generating new MSKU.
2025-03-16 18:30:21,893 - WARNING - No match found for SKU: CSTE_0470_ST_MINECRAFT_SWORD_SMALL. Generating new MSKU.
2025-03-16 18:30:21,898 - WARNING - No match found for SKU: CJ-THUG LIFE SUNGLASSES PIXEL GANGSTER. Generating new MSKU.
2025-03-16 18:30:21,903 - WARNING - No match found for SKU: SABRINA_8NOTE_KALIMBA. Generating new MSKU.
2025-03-16 18:30:21,905 - WARNING - No match found for SKU: EITHEO_HBD. Generating new MSKU.
2025-03-16 18:30:21,907 - WARNING - No match found for SKU: WING_RED_SG. Generating new MSKU.
2025-03-16 18:30:21,909 - WARNING - No match found for SKU: MUSIC BOX/11. Generating new MSKU.
2025-03-16 18:30:21,911 - WARNING - No match found for SKU: MUSIC BOX/11. Generating new MSKU.
2025-03-16 18:30:21,916 - WARNING - No match found for SKU: CSTE_0491_ST_FRUIT_BLOX_SPIRIT. Generating new MSKU.
2025-03-16 18:30:21,922 - WARNING - No match found for SKU: CSTE_0533_ST_ANIMAL_BREATHING_KOALA_GREY. Generating new MSKU.
2025-03-16 18:30:21,927 - WARNING - No match found for SKU: CSTE_0489_ST_FRUIT_BLOX_LIGHT. Generating new MSKU.
2025-03-16 18:30:21,932 - WARNING - No match found for SKU: CSTE_0491_ST_FRUIT_BLOX_SPIRIT. Generating new MSKU.
2025-03-16 18:30:21,938 - WARNING - No match found for SKU: CSTE_0488_ST_ANIM_BREATHING_STITCH_BLUE. Generating new MSKU.
2025-03-16 18:30:21,942 - WARNING - No match found for SKU: BREATHING_OTTER_PINK. Generating new MSKU.
2025-03-16 18:30:21,948 - WARNING - No match found for SKU: CSTE_0490_ST_FRUIT_BLOX_SHADOW. Generating new MSKU.
2025-03-16 18:30:21,954 - WARNING - No match found for SKU: CSTE_0486_ST_ANIM_BREATHING_OTTER_BROWN. Generating new MSKU.
2025-03-16 18:30:21,956 - WARNING - No match found for SKU: MUSIC BOX/11. Generating new MSKU.
2025-03-16 18:30:21,961 - WARNING - No match found for SKU: MERCURYGREEN_FIRE_SG. Generating new MSKU.
2025-03-16 18:30:21,963 - WARNING - No match found for SKU: EITHEO_HBD. Generating new MSKU.
2025-03-16 18:30:21,965 - WARNING - No match found for SKU: MUSIC BOX/11. Generating new MSKU.
2025-03-16 18:30:21,970 - WARNING - No match found for SKU: F_AY HP M BOX BLACK. Generating new MSKU.
2025-03-16 18:30:21,975 - WARNING - No match found for SKU: CSTE_0149_SG_BUTTERFLY_PINK. Generating new MSKU.
2025-03-16 18:30:21,977 - WARNING - No match found for SKU: EITHEO_HBD. Generating new MSKU.
2025-03-16 18:30:21,979 - WARNING - No match found for SKU: F_SUNGLASS-1. Generating new MSKU.
2025-03-16 18:30:21,986 - WARNING - No match found for SKU: MAP_MUSICBOX_BLACK_HBD. Generating new MSKU.
2025-03-16 18:30:21,992 - WARNING - No match found for SKU: F_AY HP M BOX BLACK. Generating new MSKU.
2025-03-16 18:30:21,998 - WARNING - No match found for SKU: MAP_MUSICBOX_BLACK_HBD. Generating new MSKU.
2025-03-16 18:30:22,015 - WARNING - No match found for SKU: CSTE_0470_ST_MINECRAFT_SWORD_SMALL. Generating new MSKU.
2025-03-16 18:30:22,021 - WARNING - No match found for SKU: DUMBLEDORE_WAND_MUSICBOX. Generating new MSKU.
2025-03-16 18:30:22,029 - WARNING - No match found for SKU: CSTE_0491_ST_FRUIT_BLOX_SPIRIT. Generating new MSKU.
2025-03-16 18:30:22,036 - WARNING - No match found for SKU: CSTE_0490_ST_FRUIT_BLOX_SHADOW. Generating new MSKU.
2025-03-16 18:30:22,043 - WARNING - No match found for SKU: CSTE_0489_ST_FRUIT_BLOX_LIGHT. Generating new MSKU.
2025-03-16 18:30:22,051 - WARNING - No match found for SKU: CSTE_0478_ST_MINECRAFT_COW_BROWN. Generating new MSKU.
2025-03-16 18:30:22,057 - WARNING - No match found for SKU: CSTE_0489_ST_FRUIT_BLOX_LIGHT. Generating new MSKU.
2025-03-16 18:30:22,064 - WARNING - No match found for SKU: BROWN-LA-VIE-ROSE-BROWN. Generating new MSKU.
2025-03-16 18:30:22,070 - WARNING - No match found for SKU: MERCURYGREEN_FIRE_SG. Generating new MSKU.
2025-03-16 18:30:22,073 - WARNING - No match found for SKU: MUSIC BOX/11. Generating new MSKU.
2025-03-16 18:30:22,079 - WARNING - No match found for SKU: HARRY POTTER_WHITE. Generating new MSKU.
2025-03-16 18:30:22,093 - WARNING - No match found for SKU: DUMBLEDORE_SUNGLASS_WAND. Generating new MSKU.
2025-03-16 18:30:22,101 - WARNING - No match found for SKU: CSTE_0487_ST_ANIM_BREATHING_OTTER_BLUE. Generating new MSKU.
2025-03-16 18:30:22,108 - WARNING - No match found for SKU: CSTE_0486_ST_ANIM_BREATHING_OTTER_BROWN. Generating new MSKU.
2025-03-16 18:30:22,115 - WARNING - No match found for SKU: MAP_MUSICBOX_BLACK_HBD. Generating new MSKU.
2025-03-16 18:30:22,117 - WARNING - No match found for SKU: MUSIC BOX/26. Generating new MSKU.
2025-03-16 18:30:22,124 - WARNING - No match found for SKU: CSTE_0491_ST_FRUIT_BLOX_SPIRIT. Generating new MSKU.
2025-03-16 18:30:22,130 - WARNING - No match found for SKU: HARRY POTTER_WHITE. Generating new MSKU.
2025-03-16 18:30:22,132 - WARNING - No match found for SKU: HBD_WHITE_MB. Generating new MSKU.
2025-03-16 18:30:22,135 - WARNING - No match found for SKU: HBD_BROWN_MAP. Generating new MSKU.
2025-03-16 18:30:22,137 - WARNING - No match found for SKU: MUSIC BOX/11. Generating new MSKU.
2025-03-16 18:30:22,145 - WARNING - No match found for SKU: MAP_MUSICBOX_BLACK_HBD. Generating new MSKU.
2025-03-16 18:30:22,153 - WARNING - No match found for SKU: F_AY HP M BOX BLACK. Generating new MSKU.
2025-03-16 18:30:22,159 - WARNING - No match found for SKU: CSTE_0482_ST_ANIMAL_KITTY_KUROMI_BLACK. Generating new MSKU.
2025-03-16 18:30:22,161 - WARNING - No match found for SKU: MUSIC BOX/11. Generating new MSKU.
2025-03-16 18:30:22,163 - WARNING - No match found for SKU: MUSIC BOX/11. Generating new MSKU.
2025-03-16 18:30:22,168 - WARNING - No match found for SKU: CSTE_0489_ST_FRUIT_BLOX_LIGHT. Generating new MSKU.
2025-03-16 18:30:22,173 - WARNING - No match found for SKU: CSTE_0490_ST_FRUIT_BLOX_SHADOW. Generating new MSKU.
2025-03-16 18:30:22,175 - WARNING - No match found for SKU: HBD_BROWN_MAP. Generating new MSKU.
2025-03-16 18:30:22,179 - WARNING - No match found for SKU: HARRY POTTER_WHITE. Generating new MSKU.
2025-03-16 18:30:22,181 - WARNING - No match found for SKU: EITHEO_HBD. Generating new MSKU.
2025-03-16 18:30:22,185 - WARNING - No match found for SKU: CRYSTLE_17NOTS_KALIMBA. Generating new MSKU.
2025-03-16 18:30:22,187 - WARNING - No match found for SKU: MUSIC BOX/11. Generating new MSKU.
2025-03-16 18:30:22,189 - WARNING - No match found for SKU: WING_RED_SG. Generating new MSKU.
2025-03-16 18:30:22,194 - WARNING - No match found for SKU: CSTE_0486_ST_ANIM_BREATHING_OTTER_BROWN. Generating new MSKU.
2025-03-16 18:30:22,198 - WARNING - No match found for SKU: F_AY HP M BOX BLACK. Generating new MSKU.
2025-03-16 18:30:22,203 - WARNING - No match found for SKU: F_AY HP M BOX BLACK. Generating new MSKU.
2025-03-16 18:30:22,205 - WARNING - No match found for SKU: MUSIC BOX/11. Generating new MSKU.
2025-03-16 18:30:22,210 - WARNING - No match found for SKU: CSTE_0532_ST_ANIMAL_BREATHING_RABBIT_GREY. Generating new MSKU.
2025-03-16 18:30:22,215 - WARNING - No match found for SKU: CSTE_0487_ST_ANIM_BREATHING_OTTER_BLUE. Generating new MSKU.
2025-03-16 18:30:22,219 - WARNING - No match found for SKU: HARRYPOTTER_BROWN_MAP2. Generating new MSKU.
2025-03-16 18:30:22,224 - WARNING - No match found for SKU: FUSKED-ELEPHANT-GREY-SOFT TOY. Generating new MSKU.
2025-03-16 18:30:22,229 - WARNING - No match found for SKU: CSTE_0419_ST_MINECRAFT_CREEPER. Generating new MSKU.
2025-03-16 18:30:22,234 - WARNING - No match found for SKU: CSTE_0355_WANDS_HP_LIGHT_SG. Generating new MSKU.
2025-03-16 18:30:22,236 - WARNING - No match found for SKU: HBD_BLCK_MAP. Generating new MSKU.
2025-03-16 18:30:22,244 - WARNING - No match found for SKU: CSTE_0487_ST_ANIM_BREATHING_OTTER_BLUE. Generating new MSKU.
2025-03-16 18:30:22,250 - WARNING - No match found for SKU: MOENY HEIST MUSICAL TOY. Generating new MSKU.
2025-03-16 18:30:22,257 - WARNING - No match found for SKU: HARRYPOTTER_BROWN_MAP2. Generating new MSKU.
2025-03-16 18:30:22,264 - WARNING - No match found for SKU: CSTE_0512_ST_ANIMAL_COW_PLUSH. Generating new MSKU.
2025-03-16 18:30:22,271 - WARNING - No match found for SKU: LIGHT_WAND_DUMBLEDORE. Generating new MSKU.
2025-03-16 18:30:22,273 - WARNING - No match found for SKU: WING_RED_SG. Generating new MSKU.
2025-03-16 18:30:22,276 - WARNING - No match found for SKU: EITHEO_HBD. Generating new MSKU.
2025-03-16 18:30:22,282 - WARNING - No match found for SKU: FUSKED-ELEPHANT-GREY-SOFT TOY. Generating new MSKU.
2025-03-16 18:30:22,289 - WARNING - No match found for SKU: FUSKED-ELEPHANT-GREY-SOFT TOY. Generating new MSKU.
2025-03-16 18:30:22,295 - WARNING - No match found for SKU: FUSKED-ELEPHANT-GREY-SOFT TOY. Generating new MSKU.
2025-03-16 18:30:22,298 - WARNING - No match found for SKU: EITHEO_HBD. Generating new MSKU.
2025-03-16 18:30:22,304 - WARNING - No match found for SKU: DUMBLEDORE_WAND_MUSICBOX. Generating new MSKU.
2025-03-16 18:30:22,307 - WARNING - No match found for SKU: MUSIC BOX/11. Generating new MSKU.
2025-03-16 18:30:22,309 - WARNING - No match found for SKU: HBD_WHITE_MB. Generating new MSKU.
2025-03-16 18:30:22,312 - WARNING - No match found for SKU: MUSIC BOX/11. Generating new MSKU.
2025-03-16 18:30:22,314 - WARNING - No match found for SKU: MUSIC BOX/11. Generating new MSKU.
2025-03-16 18:30:22,322 - WARNING - No match found for SKU: CJ- BEN 10 GIRLS-BOYS-WATCH-GREEN. Generating new MSKU.
2025-03-16 18:30:22,329 - WARNING - No match found for SKU: CSTE_0543_ST_ANIMAL_BREATHING_STRAWBERRY_RABBIT. Generating new MSKU.
2025-03-16 18:30:22,337 - WARNING - No match found for SKU: CSTE_0476_ST_MINECRAFT_ZOMBIE_BLACK. Generating new MSKU.
2025-03-16 18:30:22,344 - WARNING - No match found for SKU: CSTE_0488_ST_ANIM_BREATHING_STITCH_BLUE. Generating new MSKU.
2025-03-16 18:30:22,351 - WARNING - No match found for SKU: CSTE_0502_ST_MINECRAFT_PICKAXE_FOAM. Generating new MSKU.
2025-03-16 18:30:22,358 - WARNING - No match found for SKU: CSTE_0489_ST_FRUIT_BLOX_LIGHT. Generating new MSKU.
2025-03-16 18:30:22,366 - WARNING - No match found for SKU: CSTE_0491_ST_FRUIT_BLOX_SPIRIT. Generating new MSKU.
2025-03-16 18:30:22,373 - WARNING - No match found for SKU: CSTE_0486_ST_ANIM_BREATHING_OTTER_BROWN. Generating new MSKU.
2025-03-16 18:30:22,380 - WARNING - No match found for SKU: CSTE_0486_ST_ANIM_BREATHING_OTTER_BROWN. Generating new MSKU.
2025-03-16 18:30:22,386 - WARNING - No match found for SKU: DUMBLEDORE_WAND_MUSICBOX. Generating new MSKU.
2025-03-16 18:30:22,392 - INFO - Successfully mapped SKUs and saved to final_sku_mapping.csv
2025-03-16 18:38:21,470 - INFO - Successfully loaded SKU-MSKU mapping file.
2025-03-16 18:38:21,527 - WARNING - No match found for SKU: CSTE_0546_ST_ANIMAL_LUCIFER_CAT_BLACK. Generating new MSKU.
2025-03-16 18:38:21,534 - WARNING - No match found for SKU: MAP_MUSICBOX_BLACK_HBD. Generating new MSKU.
2025-03-16 18:38:21,543 - WARNING - No match found for SKU: F_AY HP M BOX BLACK. Generating new MSKU.
2025-03-16 18:38:21,550 - WARNING - No match found for SKU: F_AY HP M BOX BLACK. Generating new MSKU.
2025-03-16 18:38:21,559 - WARNING - No match found for SKU: MAP_MUSICBOX_BLACK_HBD. Generating new MSKU.
2025-03-16 18:38:21,562 - WARNING - No match found for SKU: MUSIC BOX/11. Generating new MSKU.
2025-03-16 18:38:21,565 - WARNING - No match found for SKU: MUSIC BOX/11. Generating new MSKU.
2025-03-16 18:38:21,575 - WARNING - No match found for SKU: F_AY HP M BOX BLACK. Generating new MSKU.
2025-03-16 18:38:21,590 - WARNING - No match found for SKU: CSTE_0470_ST_MINECRAFT_SWORD_SMALL. Generating new MSKU.
2025-03-16 18:38:21,636 - WARNING - No match found for SKU: CSTE_0470_ST_MINECRAFT_SWORD_SMALL. Generating new MSKU.
2025-03-16 18:38:21,644 - WARNING - No match found for SKU: F_AY HP M BOX BLACK. Generating new MSKU.
2025-03-16 18:38:21,650 - WARNING - No match found for SKU: F_AY HP M BOX BLACK. Generating new MSKU.
2025-03-16 18:38:21,652 - WARNING - No match found for SKU: MUSIC BOX/11. Generating new MSKU.
2025-03-16 18:38:21,660 - WARNING - No match found for SKU: CSTE_0470_ST_MINECRAFT_SWORD_SMALL. Generating new MSKU.
2025-03-16 18:38:21,665 - WARNING - No match found for SKU: CJ-THUG LIFE SUNGLASSES PIXEL GANGSTER. Generating new MSKU.
2025-03-16 18:38:21,670 - WARNING - No match found for SKU: SABRINA_8NOTE_KALIMBA. Generating new MSKU.
2025-03-16 18:38:21,672 - WARNING - No match found for SKU: EITHEO_HBD. Generating new MSKU.
2025-03-16 18:38:21,674 - WARNING - No match found for SKU: WING_RED_SG. Generating new MSKU.
2025-03-16 18:38:21,677 - WARNING - No match found for SKU: MUSIC BOX/11. Generating new MSKU.
2025-03-16 18:38:21,679 - WARNING - No match found for SKU: MUSIC BOX/11. Generating new MSKU.
2025-03-16 18:38:21,685 - WARNING - No match found for SKU: CSTE_0491_ST_FRUIT_BLOX_SPIRIT. Generating new MSKU.
2025-03-16 18:38:21,693 - WARNING - No match found for SKU: CSTE_0533_ST_ANIMAL_BREATHING_KOALA_GREY. Generating new MSKU.
2025-03-16 18:38:21,699 - WARNING - No match found for SKU: CSTE_0489_ST_FRUIT_BLOX_LIGHT. Generating new MSKU.
2025-03-16 18:38:21,704 - WARNING - No match found for SKU: CSTE_0491_ST_FRUIT_BLOX_SPIRIT. Generating new MSKU.
2025-03-16 18:38:21,712 - WARNING - No match found for SKU: CSTE_0488_ST_ANIM_BREATHING_STITCH_BLUE. Generating new MSKU.
2025-03-16 18:38:21,716 - WARNING - No match found for SKU: BREATHING_OTTER_PINK. Generating new MSKU.
2025-03-16 18:38:21,722 - WARNING - No match found for SKU: CSTE_0490_ST_FRUIT_BLOX_SHADOW. Generating new MSKU.
2025-03-16 18:38:21,729 - WARNING - No match found for SKU: CSTE_0486_ST_ANIM_BREATHING_OTTER_BROWN. Generating new MSKU.
2025-03-16 18:38:21,731 - WARNING - No match found for SKU: MUSIC BOX/11. Generating new MSKU.
2025-03-16 18:38:21,736 - WARNING - No match found for SKU: MERCURYGREEN_FIRE_SG. Generating new MSKU.
2025-03-16 18:38:21,738 - WARNING - No match found for SKU: EITHEO_HBD. Generating new MSKU.
2025-03-16 18:38:21,741 - WARNING - No match found for SKU: MUSIC BOX/11. Generating new MSKU.
2025-03-16 18:38:21,746 - WARNING - No match found for SKU: F_AY HP M BOX BLACK. Generating new MSKU.
2025-03-16 18:38:21,757 - WARNING - No match found for SKU: CSTE_0149_SG_BUTTERFLY_PINK. Generating new MSKU.
2025-03-16 18:38:21,760 - WARNING - No match found for SKU: EITHEO_HBD. Generating new MSKU.
2025-03-16 18:38:21,764 - WARNING - No match found for SKU: F_SUNGLASS-1. Generating new MSKU.
2025-03-16 18:38:21,770 - WARNING - No match found for SKU: MAP_MUSICBOX_BLACK_HBD. Generating new MSKU.
2025-03-16 18:38:21,781 - WARNING - No match found for SKU: F_AY HP M BOX BLACK. Generating new MSKU.
2025-03-16 18:38:21,788 - WARNING - No match found for SKU: MAP_MUSICBOX_BLACK_HBD. Generating new MSKU.
2025-03-16 18:38:21,798 - WARNING - No match found for SKU: CSTE_0470_ST_MINECRAFT_SWORD_SMALL. Generating new MSKU.
2025-03-16 18:38:21,805 - WARNING - No match found for SKU: DUMBLEDORE_WAND_MUSICBOX. Generating new MSKU.
2025-03-16 18:38:21,814 - WARNING - No match found for SKU: CSTE_0491_ST_FRUIT_BLOX_SPIRIT. Generating new MSKU.
2025-03-16 18:38:21,822 - WARNING - No match found for SKU: CSTE_0490_ST_FRUIT_BLOX_SHADOW. Generating new MSKU.
2025-03-16 18:38:21,831 - WARNING - No match found for SKU: CSTE_0489_ST_FRUIT_BLOX_LIGHT. Generating new MSKU.
2025-03-16 18:38:21,839 - WARNING - No match found for SKU: CSTE_0478_ST_MINECRAFT_COW_BROWN. Generating new MSKU.
2025-03-16 18:38:21,857 - WARNING - No match found for SKU: CSTE_0489_ST_FRUIT_BLOX_LIGHT. Generating new MSKU.
2025-03-16 18:38:21,865 - WARNING - No match found for SKU: BROWN-LA-VIE-ROSE-BROWN. Generating new MSKU.
2025-03-16 18:38:21,872 - WARNING - No match found for SKU: MERCURYGREEN_FIRE_SG. Generating new MSKU.
2025-03-16 18:38:21,876 - WARNING - No match found for SKU: MUSIC BOX/11. Generating new MSKU.
2025-03-16 18:38:21,883 - WARNING - No match found for SKU: HARRY POTTER_WHITE. Generating new MSKU.
2025-03-16 18:38:21,890 - WARNING - No match found for SKU: DUMBLEDORE_SUNGLASS_WAND. Generating new MSKU.
2025-03-16 18:38:21,901 - WARNING - No match found for SKU: CSTE_0487_ST_ANIM_BREATHING_OTTER_BLUE. Generating new MSKU.
2025-03-16 18:38:21,910 - WARNING - No match found for SKU: CSTE_0486_ST_ANIM_BREATHING_OTTER_BROWN. Generating new MSKU.
2025-03-16 18:38:21,917 - WARNING - No match found for SKU: MAP_MUSICBOX_BLACK_HBD. Generating new MSKU.
2025-03-16 18:38:21,919 - WARNING - No match found for SKU: MUSIC BOX/26. Generating new MSKU.
2025-03-16 18:38:21,927 - WARNING - No match found for SKU: CSTE_0491_ST_FRUIT_BLOX_SPIRIT. Generating new MSKU.
2025-03-16 18:38:21,932 - WARNING - No match found for SKU: HARRY POTTER_WHITE. Generating new MSKU.
2025-03-16 18:38:21,933 - WARNING - No match found for SKU: HBD_WHITE_MB. Generating new MSKU.
2025-03-16 18:38:21,935 - WARNING - No match found for SKU: HBD_BROWN_MAP. Generating new MSKU.
2025-03-16 18:38:21,938 - WARNING - No match found for SKU: MUSIC BOX/11. Generating new MSKU.
2025-03-16 18:38:21,944 - WARNING - No match found for SKU: MAP_MUSICBOX_BLACK_HBD. Generating new MSKU.
2025-03-16 18:38:21,950 - WARNING - No match found for SKU: F_AY HP M BOX BLACK. Generating new MSKU.
2025-03-16 18:38:21,958 - WARNING - No match found for SKU: CSTE_0482_ST_ANIMAL_KITTY_KUROMI_BLACK. Generating new MSKU.
2025-03-16 18:38:21,961 - WARNING - No match found for SKU: MUSIC BOX/11. Generating new MSKU.
2025-03-16 18:38:21,963 - WARNING - No match found for SKU: MUSIC BOX/11. Generating new MSKU.
2025-03-16 18:38:21,970 - WARNING - No match found for SKU: CSTE_0489_ST_FRUIT_BLOX_LIGHT. Generating new MSKU.
2025-03-16 18:38:21,977 - WARNING - No match found for SKU: CSTE_0490_ST_FRUIT_BLOX_SHADOW. Generating new MSKU.
2025-03-16 18:38:21,980 - WARNING - No match found for SKU: HBD_BROWN_MAP. Generating new MSKU.
2025-03-16 18:38:21,984 - WARNING - No match found for SKU: HARRY POTTER_WHITE. Generating new MSKU.
2025-03-16 18:38:21,986 - WARNING - No match found for SKU: EITHEO_HBD. Generating new MSKU.
2025-03-16 18:38:21,992 - WARNING - No match found for SKU: CRYSTLE_17NOTS_KALIMBA. Generating new MSKU.
2025-03-16 18:38:21,994 - WARNING - No match found for SKU: MUSIC BOX/11. Generating new MSKU.
2025-03-16 18:38:21,996 - WARNING - No match found for SKU: WING_RED_SG. Generating new MSKU.
2025-03-16 18:38:22,002 - WARNING - No match found for SKU: CSTE_0486_ST_ANIM_BREATHING_OTTER_BROWN. Generating new MSKU.
2025-03-16 18:38:22,008 - WARNING - No match found for SKU: F_AY HP M BOX BLACK. Generating new MSKU.
2025-03-16 18:38:22,013 - WARNING - No match found for SKU: F_AY HP M BOX BLACK. Generating new MSKU.
2025-03-16 18:38:22,015 - WARNING - No match found for SKU: MUSIC BOX/11. Generating new MSKU.
2025-03-16 18:38:22,021 - WARNING - No match found for SKU: CSTE_0532_ST_ANIMAL_BREATHING_RABBIT_GREY. Generating new MSKU.
2025-03-16 18:38:22,028 - WARNING - No match found for SKU: CSTE_0487_ST_ANIM_BREATHING_OTTER_BLUE. Generating new MSKU.
2025-03-16 18:38:22,033 - WARNING - No match found for SKU: HARRYPOTTER_BROWN_MAP2. Generating new MSKU.
2025-03-16 18:38:22,038 - WARNING - No match found for SKU: FUSKED-ELEPHANT-GREY-SOFT TOY. Generating new MSKU.
2025-03-16 18:38:22,045 - WARNING - No match found for SKU: CSTE_0419_ST_MINECRAFT_CREEPER. Generating new MSKU.
2025-03-16 18:38:22,052 - WARNING - No match found for SKU: CSTE_0355_WANDS_HP_LIGHT_SG. Generating new MSKU.
2025-03-16 18:38:22,054 - WARNING - No match found for SKU: HBD_BLCK_MAP. Generating new MSKU.
2025-03-16 18:38:22,061 - WARNING - No match found for SKU: CSTE_0487_ST_ANIM_BREATHING_OTTER_BLUE. Generating new MSKU.
2025-03-16 18:38:22,066 - WARNING - No match found for SKU: MOENY HEIST MUSICAL TOY. Generating new MSKU.
2025-03-16 18:38:22,071 - WARNING - No match found for SKU: HARRYPOTTER_BROWN_MAP2. Generating new MSKU.
2025-03-16 18:38:22,078 - WARNING - No match found for SKU: CSTE_0512_ST_ANIMAL_COW_PLUSH. Generating new MSKU.
2025-03-16 18:38:22,083 - WARNING - No match found for SKU: LIGHT_WAND_DUMBLEDORE. Generating new MSKU.
2025-03-16 18:38:22,085 - WARNING - No match found for SKU: WING_RED_SG. Generating new MSKU.
2025-03-16 18:38:22,087 - WARNING - No match found for SKU: EITHEO_HBD. Generating new MSKU.
2025-03-16 18:38:22,094 - WARNING - No match found for SKU: FUSKED-ELEPHANT-GREY-SOFT TOY. Generating new MSKU.
2025-03-16 18:38:22,099 - WARNING - No match found for SKU: FUSKED-ELEPHANT-GREY-SOFT TOY. Generating new MSKU.
2025-03-16 18:38:22,105 - WARNING - No match found for SKU: FUSKED-ELEPHANT-GREY-SOFT TOY. Generating new MSKU.
2025-03-16 18:38:22,107 - WARNING - No match found for SKU: EITHEO_HBD. Generating new MSKU.
2025-03-16 18:38:22,114 - WARNING - No match found for SKU: DUMBLEDORE_WAND_MUSICBOX. Generating new MSKU.
2025-03-16 18:38:22,116 - WARNING - No match found for SKU: MUSIC BOX/11. Generating new MSKU.
2025-03-16 18:38:22,118 - WARNING - No match found for SKU: HBD_WHITE_MB. Generating new MSKU.
2025-03-16 18:38:22,121 - WARNING - No match found for SKU: MUSIC BOX/11. Generating new MSKU.
2025-03-16 18:38:22,122 - WARNING - No match found for SKU: MUSIC BOX/11. Generating new MSKU.
2025-03-16 18:38:22,130 - WARNING - No match found for SKU: CJ- BEN 10 GIRLS-BOYS-WATCH-GREEN. Generating new MSKU.
2025-03-16 18:38:22,136 - WARNING - No match found for SKU: CSTE_0543_ST_ANIMAL_BREATHING_STRAWBERRY_RABBIT. Generating new MSKU.
2025-03-16 18:38:22,144 - WARNING - No match found for SKU: CSTE_0476_ST_MINECRAFT_ZOMBIE_BLACK. Generating new MSKU.
2025-03-16 18:38:22,150 - WARNING - No match found for SKU: CSTE_0488_ST_ANIM_BREATHING_STITCH_BLUE. Generating new MSKU.
2025-03-16 18:38:22,155 - WARNING - No match found for SKU: CSTE_0502_ST_MINECRAFT_PICKAXE_FOAM. Generating new MSKU.
2025-03-16 18:38:22,161 - WARNING - No match found for SKU: CSTE_0489_ST_FRUIT_BLOX_LIGHT. Generating new MSKU.
2025-03-16 18:38:22,167 - WARNING - No match found for SKU: CSTE_0491_ST_FRUIT_BLOX_SPIRIT. Generating new MSKU.
2025-03-16 18:38:22,172 - WARNING - No match found for SKU: CSTE_0486_ST_ANIM_BREATHING_OTTER_BROWN. Generating new MSKU.
2025-03-16 18:38:22,182 - WARNING - No match found for SKU: CSTE_0486_ST_ANIM_BREATHING_OTTER_BROWN. Generating new MSKU.
2025-03-16 18:38:22,189 - WARNING - No match found for SKU: DUMBLEDORE_WAND_MUSICBOX. Generating new MSKU.
2025-03-16 18:38:22,214 - INFO - Successfully mapped SKUs and handled combos. Saved to final_sku_mapping.csv
2025-03-17 00:29:26,071 - INFO - [31m[1mWARNING: This is a development server. Do not use it in a production deployment. Use a production WSGI server instead.[0m
 * Running on http://127.0.0.1:5000
2025-03-17 00:29:26,072 - INFO - [33mPress CTRL+C to quit[0m
2025-03-17 00:29:26,076 - INFO -  * Restarting with stat
2025-03-17 00:29:27,426 - WARNING -  * Debugger is active!
2025-03-17 00:29:27,434 - INFO -  * Debugger PIN: 122-510-822
2025-03-17 00:30:08,345 - INFO -  * Detected change in 'D:\\WMS(Warehouse Management System)\\app.py', reloading
2025-03-17 00:30:09,195 - INFO -  * Restarting with stat
2025-03-17 00:30:15,211 - INFO - [31m[1mWARNING: This is a development server. Do not use it in a production deployment. Use a production WSGI server instead.[0m
 * Running on http://127.0.0.1:5000
2025-03-17 00:30:15,344 - INFO - [33mPress CTRL+C to quit[0m
2025-03-17 00:30:15,346 - INFO -  * Restarting with stat
2025-03-17 00:30:16,451 - WARNING -  * Debugger is active!
2025-03-17 00:30:16,456 - INFO -  * Debugger PIN: 122-510-822
2025-03-17 00:30:45,496 - INFO - 127.0.0.1 - - [17/Mar/2025 00:30:45] "GET / HTTP/1.1" 200 -
2025-03-17 00:30:45,927 - INFO - 127.0.0.1 - - [17/Mar/2025 00:30:45] "[33mGET /favicon.ico HTTP/1.1[0m" 404 -
2025-03-17 00:32:25,098 - INFO -  * Detected change in 'D:\\WMS(Warehouse Management System)\\app.py', reloading
2025-03-17 00:32:25,225 - INFO -  * Restarting with stat
2025-03-17 00:32:28,052 - WARNING -  * Debugger is active!
2025-03-17 00:32:28,057 - INFO -  * Debugger PIN: 122-510-822
2025-03-17 00:32:34,327 - INFO - [31m[1mWARNING: This is a development server. Do not use it in a production deployment. Use a production WSGI server instead.[0m
 * Running on http://127.0.0.1:5000
2025-03-17 00:32:34,327 - INFO - [33mPress CTRL+C to quit[0m
2025-03-17 00:32:34,328 - INFO -  * Restarting with stat
2025-03-17 00:32:35,313 - WARNING -  * Debugger is active!
2025-03-17 00:32:35,322 - INFO -  * Debugger PIN: 122-510-822
2025-03-17 00:32:37,957 - INFO - 127.0.0.1 - - [17/Mar/2025 00:32:37] "GET / HTTP/1.1" 200 -
2025-03-17 00:32:54,115 - ERROR - Error loading mapping file: [Errno 2] No such file or directory: 'mapping.csv'
2025-03-17 00:32:54,273 - ERROR - File 270142020122.csv missing SKU column.
2025-03-17 00:32:54,278 - ERROR - Mapping data not loaded.
2025-03-17 00:32:54,279 - ERROR - Mapping data not loaded.
2025-03-17 00:32:54,279 - ERROR - Mapping data not loaded.
2025-03-17 00:32:54,279 - ERROR - Mapping data not loaded.
2025-03-17 00:32:54,279 - ERROR - Mapping data not loaded.
2025-03-17 00:32:54,279 - ERROR - Mapping data not loaded.
2025-03-17 00:32:54,279 - ERROR - Mapping data not loaded.
2025-03-17 00:32:54,279 - ERROR - Mapping data not loaded.
2025-03-17 00:32:54,279 - ERROR - Mapping data not loaded.
2025-03-17 00:32:54,279 - ERROR - Mapping data not loaded.
2025-03-17 00:32:54,279 - ERROR - Mapping data not loaded.
2025-03-17 00:32:54,279 - ERROR - Mapping data not loaded.
2025-03-17 00:32:54,279 - ERROR - Mapping data not loaded.
2025-03-17 00:32:54,279 - ERROR - Mapping data not loaded.
2025-03-17 00:32:54,279 - ERROR - Mapping data not loaded.
2025-03-17 00:32:54,279 - ERROR - Mapping data not loaded.
2025-03-17 00:32:54,279 - ERROR - Mapping data not loaded.
2025-03-17 00:32:54,279 - ERROR - Mapping data not loaded.
2025-03-17 00:32:54,279 - ERROR - Mapping data not loaded.
2025-03-17 00:32:54,280 - ERROR - Mapping data not loaded.
2025-03-17 00:32:54,280 - ERROR - Mapping data not loaded.
2025-03-17 00:32:54,280 - ERROR - Mapping data not loaded.
2025-03-17 00:32:54,280 - ERROR - Mapping data not loaded.
2025-03-17 00:32:54,280 - ERROR - Mapping data not loaded.
2025-03-17 00:32:54,280 - ERROR - Mapping data not loaded.
2025-03-17 00:32:54,280 - ERROR - Mapping data not loaded.
2025-03-17 00:32:54,280 - ERROR - Mapping data not loaded.
2025-03-17 00:32:54,280 - ERROR - Mapping data not loaded.
2025-03-17 00:32:54,280 - ERROR - Mapping data not loaded.
2025-03-17 00:32:54,280 - ERROR - Mapping data not loaded.
2025-03-17 00:32:54,280 - ERROR - Mapping data not loaded.
2025-03-17 00:32:54,280 - ERROR - Mapping data not loaded.
2025-03-17 00:32:54,280 - ERROR - Mapping data not loaded.
2025-03-17 00:32:54,280 - ERROR - Mapping data not loaded.
2025-03-17 00:32:54,280 - ERROR - Mapping data not loaded.
2025-03-17 00:32:54,280 - ERROR - Mapping data not loaded.
2025-03-17 00:32:54,280 - ERROR - Mapping data not loaded.
2025-03-17 00:32:54,280 - ERROR - Mapping data not loaded.
2025-03-17 00:32:54,280 - ERROR - Mapping data not loaded.
2025-03-17 00:32:54,280 - ERROR - Mapping data not loaded.
2025-03-17 00:32:54,280 - ERROR - Mapping data not loaded.
2025-03-17 00:32:54,280 - ERROR - Mapping data not loaded.
2025-03-17 00:32:54,281 - ERROR - Mapping data not loaded.
2025-03-17 00:32:54,281 - ERROR - Mapping data not loaded.
2025-03-17 00:32:54,281 - ERROR - Mapping data not loaded.
2025-03-17 00:32:54,281 - ERROR - Mapping data not loaded.
2025-03-17 00:32:54,281 - ERROR - Mapping data not loaded.
2025-03-17 00:32:54,281 - ERROR - Mapping data not loaded.
2025-03-17 00:32:54,281 - ERROR - Mapping data not loaded.
2025-03-17 00:32:54,281 - ERROR - Mapping data not loaded.
2025-03-17 00:32:54,281 - ERROR - Mapping data not loaded.
2025-03-17 00:32:54,281 - ERROR - Mapping data not loaded.
2025-03-17 00:32:54,281 - ERROR - Mapping data not loaded.
2025-03-17 00:32:54,281 - ERROR - Mapping data not loaded.
2025-03-17 00:32:54,281 - ERROR - Mapping data not loaded.
2025-03-17 00:32:54,281 - ERROR - Mapping data not loaded.
2025-03-17 00:32:54,281 - ERROR - Mapping data not loaded.
2025-03-17 00:32:54,281 - ERROR - Mapping data not loaded.
2025-03-17 00:32:54,281 - ERROR - Mapping data not loaded.
2025-03-17 00:32:54,281 - ERROR - Mapping data not loaded.
2025-03-17 00:32:54,281 - ERROR - Mapping data not loaded.
2025-03-17 00:32:54,281 - ERROR - Mapping data not loaded.
2025-03-17 00:32:54,281 - ERROR - Mapping data not loaded.
2025-03-17 00:32:54,281 - ERROR - Mapping data not loaded.
2025-03-17 00:32:54,281 - ERROR - Mapping data not loaded.
2025-03-17 00:32:54,282 - ERROR - Mapping data not loaded.
2025-03-17 00:32:54,282 - ERROR - Mapping data not loaded.
2025-03-17 00:32:54,282 - ERROR - Mapping data not loaded.
2025-03-17 00:32:54,282 - ERROR - Mapping data not loaded.
2025-03-17 00:32:54,282 - ERROR - Mapping data not loaded.
2025-03-17 00:32:54,282 - ERROR - Mapping data not loaded.
2025-03-17 00:32:54,282 - ERROR - Mapping data not loaded.
2025-03-17 00:32:54,282 - ERROR - Mapping data not loaded.
2025-03-17 00:32:54,282 - ERROR - Mapping data not loaded.
2025-03-17 00:32:54,282 - ERROR - Mapping data not loaded.
2025-03-17 00:32:54,282 - ERROR - Mapping data not loaded.
2025-03-17 00:32:54,282 - ERROR - Mapping data not loaded.
2025-03-17 00:32:54,282 - ERROR - Mapping data not loaded.
2025-03-17 00:32:54,282 - ERROR - Mapping data not loaded.
2025-03-17 00:32:54,282 - ERROR - Mapping data not loaded.
2025-03-17 00:32:54,282 - ERROR - Mapping data not loaded.
2025-03-17 00:32:54,282 - ERROR - Mapping data not loaded.
2025-03-17 00:32:54,282 - ERROR - Mapping data not loaded.
2025-03-17 00:32:54,282 - ERROR - Mapping data not loaded.
2025-03-17 00:32:54,282 - ERROR - Mapping data not loaded.
2025-03-17 00:32:54,282 - ERROR - Mapping data not loaded.
2025-03-17 00:32:54,282 - ERROR - Mapping data not loaded.
2025-03-17 00:32:54,282 - ERROR - Mapping data not loaded.
2025-03-17 00:32:54,283 - ERROR - Mapping data not loaded.
2025-03-17 00:32:54,283 - ERROR - Mapping data not loaded.
2025-03-17 00:32:54,283 - ERROR - Mapping data not loaded.
2025-03-17 00:32:54,283 - ERROR - Mapping data not loaded.
2025-03-17 00:32:54,283 - ERROR - Mapping data not loaded.
2025-03-17 00:32:54,283 - ERROR - Mapping data not loaded.
2025-03-17 00:32:54,283 - ERROR - Mapping data not loaded.
2025-03-17 00:32:54,283 - ERROR - Mapping data not loaded.
2025-03-17 00:32:54,283 - ERROR - Mapping data not loaded.
2025-03-17 00:32:54,283 - ERROR - Mapping data not loaded.
2025-03-17 00:32:54,283 - ERROR - Mapping data not loaded.
2025-03-17 00:32:54,283 - ERROR - Mapping data not loaded.
2025-03-17 00:32:54,283 - ERROR - Mapping data not loaded.
2025-03-17 00:32:54,283 - ERROR - Mapping data not loaded.
2025-03-17 00:32:54,283 - ERROR - Mapping data not loaded.
2025-03-17 00:32:54,283 - ERROR - Mapping data not loaded.
2025-03-17 00:32:54,283 - ERROR - Mapping data not loaded.
2025-03-17 00:32:54,283 - ERROR - Mapping data not loaded.
2025-03-17 00:32:54,283 - ERROR - Mapping data not loaded.
2025-03-17 00:32:54,283 - ERROR - Mapping data not loaded.
2025-03-17 00:32:54,283 - ERROR - Mapping data not loaded.
2025-03-17 00:32:54,283 - ERROR - Mapping data not loaded.
2025-03-17 00:32:54,288 - ERROR - Mapping data not loaded.
2025-03-17 00:32:54,288 - ERROR - Mapping data not loaded.
2025-03-17 00:32:54,288 - ERROR - Mapping data not loaded.
2025-03-17 00:32:54,288 - ERROR - Mapping data not loaded.
2025-03-17 00:32:54,288 - ERROR - Mapping data not loaded.
2025-03-17 00:32:54,289 - ERROR - Mapping data not loaded.
2025-03-17 00:32:54,289 - ERROR - Mapping data not loaded.
2025-03-17 00:32:54,289 - ERROR - Mapping data not loaded.
2025-03-17 00:32:54,289 - ERROR - Mapping data not loaded.
2025-03-17 00:32:54,289 - ERROR - Mapping data not loaded.
2025-03-17 00:32:54,289 - ERROR - Mapping data not loaded.
2025-03-17 00:32:54,321 - INFO - All SKUs processed and saved to processed\final_sku_mapping.csv
2025-03-17 00:32:54,479 - INFO - 127.0.0.1 - - [17/Mar/2025 00:32:54] "POST /process HTTP/1.1" 200 -
